<?xml version="1.0" encoding="UTF-8"?>
<testsuite xmlns:xsi="http://www.w3.org/2001/XMLSchema-instance" xsi:noNamespaceSchemaLocation="https://maven.apache.org/surefire/maven-surefire-plugin/xsd/surefire-test-report.xsd" version="3.0.2" name="dsw.sigconbackend.ApplicationTests" time="7.803" tests="1" errors="0" skipped="0" failures="0">
  <properties>
[...]
</properties>
  <testcase name="contextLoads" classname="dsw.sigconbackend.ApplicationTests" time="0.534">
    <system-out><![CDATA[18:13:37.621 [main] INFO org.springframework.test.context.support.AnnotationConfigContextLoaderUtils -- Could not detect default configuration classes for test class [dsw.sigconbackend.ApplicationTests]: ApplicationTests does not declare any static, non-private, non-final, nested classes annotated with @Configuration.
18:13:37.821 [main] INFO org.springframework.boot.test.context.SpringBootTestContextBootstrapper -- Found @SpringBootConfiguration dsw.sigconbackend.Application for test class dsw.sigconbackend.ApplicationTests
18:13:38.017 [main] INFO org.springframework.boot.devtools.restart.RestartApplicationListener -- Restart disabled due to context in which it is running

  .   ____          _            __ _ _
 /\\ / ___'_ __ _ _(_)_ __  __ _ \ \ \ \
( ( )\___ | '_ | '_| | '_ \/ _` | \ \ \ \
 \\/  ___)| |_)| | | | | || (_| |  ) ) ) )
  '  |____| .__|_| |_|_| |_\__, | / / / /
 =========|_|==============|___/=/_/_/_/

 :: Spring Boot ::                (v3.4.4)

2025-04-09T18:13:38.362-05:00  INFO 23808 --- [251dswS2SpringSigconBackend] [           main] dsw.sigconbackend.ApplicationTests       : Starting ApplicationTests using Java 21.0.5 with PID 23808 (started by Moises_F16.7.24 in D:\CURSO\2025-1\DESARROLLO DE APLICACIONES WEB\SEMANA 3\PROYECTO)
2025-04-09T18:13:38.363-05:00  INFO 23808 --- [251dswS2SpringSigconBackend] [           main] dsw.sigconbackend.ApplicationTests       : The following 1 profile is active: "${MYENV}"
2025-04-09T18:13:39.162-05:00  INFO 23808 --- [251dswS2SpringSigconBackend] [           main] .s.d.r.c.RepositoryConfigurationDelegate : Bootstrapping Spring Data JPA repositories in DEFAULT mode.
2025-04-09T18:13:39.245-05:00  INFO 23808 --- [251dswS2SpringSigconBackend] [           main] .s.d.r.c.RepositoryConfigurationDelegate : Finished Spring Data repository scanning in 63 ms. Found 3 JPA repository interfaces.
2025-04-09T18:13:39.731-05:00  INFO 23808 --- [251dswS2SpringSigconBackend] [           main] com.zaxxer.hikari.HikariDataSource       : HikariPool-1 - Starting...
2025-04-09T18:13:41.404-05:00  INFO 23808 --- [251dswS2SpringSigconBackend] [           main] com.zaxxer.hikari.pool.HikariPool        : HikariPool-1 - Added connection org.postgresql.jdbc.PgConnection@64502326
2025-04-09T18:13:41.406-05:00  INFO 23808 --- [251dswS2SpringSigconBackend] [           main] com.zaxxer.hikari.HikariDataSource       : HikariPool-1 - Start completed.
2025-04-09T18:13:41.479-05:00  INFO 23808 --- [251dswS2SpringSigconBackend] [           main] o.hibernate.jpa.internal.util.LogHelper  : HHH000204: Processing PersistenceUnitInfo [name: default]
2025-04-09T18:13:41.525-05:00  INFO 23808 --- [251dswS2SpringSigconBackend] [           main] org.hibernate.Version                    : HHH000412: Hibernate ORM core version 6.6.11.Final
2025-04-09T18:13:41.557-05:00  INFO 23808 --- [251dswS2SpringSigconBackend] [           main] o.h.c.internal.RegionFactoryInitiator    : HHH000026: Second-level cache disabled
2025-04-09T18:13:41.862-05:00  INFO 23808 --- [251dswS2SpringSigconBackend] [           main] o.s.o.j.p.SpringPersistenceUnitInfo      : No LoadTimeWeaver setup: ignoring JPA class transformer
2025-04-09T18:13:42.086-05:00  WARN 23808 --- [251dswS2SpringSigconBackend] [           main] org.hibernate.orm.deprecation            : HHH90000025: PostgreSQLDialect does not need to be specified explicitly using 'hibernate.dialect' (remove the property setting and it will be selected by default)
2025-04-09T18:13:42.401-05:00  INFO 23808 --- [251dswS2SpringSigconBackend] [           main] org.hibernate.orm.connections.pooling    : HHH10001005: Database info:
	Database JDBC URL [Connecting through datasource 'HikariDataSource (HikariPool-1)']
	Database driver: undefined/unknown
	Database version: 14.8
	Autocommit mode: undefined/unknown
	Isolation level: undefined/unknown
	Minimum pool size: undefined/unknown
	Maximum pool size: undefined/unknown
2025-04-09T18:13:43.236-05:00  INFO 23808 --- [251dswS2SpringSigconBackend] [           main] o.h.e.t.j.p.i.JtaPlatformInitiator       : HHH000489: No JTA platform available (set 'hibernate.transaction.jta.platform' to enable JTA platform integration)
2025-04-09T18:13:43.238-05:00  INFO 23808 --- [251dswS2SpringSigconBackend] [           main] j.LocalContainerEntityManagerFactoryBean : Initialized JPA EntityManagerFactory for persistence unit 'default'
2025-04-09T18:13:43.949-05:00  WARN 23808 --- [251dswS2SpringSigconBackend] [           main] JpaBaseConfiguration$JpaWebConfiguration : spring.jpa.open-in-view is enabled by default. Therefore, database queries may be performed during view rendering. Explicitly configure spring.jpa.open-in-view to disable this warning
2025-04-09T18:13:44.563-05:00  INFO 23808 --- [251dswS2SpringSigconBackend] [           main] dsw.sigconbackend.ApplicationTests       : Started ApplicationTests in 6.567 seconds (process running for 8.05)
]]></system-out>
    <system-err><![CDATA[Mockito is currently self-attaching to enable the inline-mock-maker. This will no longer work in future releases of the JDK. Please add Mockito as an agent to your build what is described in Mockito's documentation: https://javadoc.io/doc/org.mockito/mockito-core/latest/org/mockito/Mockito.html#0.3
WARNING: A Java agent has been loaded dynamically (C:\Users\Moises_F16.7.24\.m2\repository\net\bytebuddy\byte-buddy-agent\1.15.11\byte-buddy-agent-1.15.11.jar)
WARNING: If a serviceability tool is in use, please run with -XX:+EnableDynamicAgentLoading to hide this warning
WARNING: If a serviceability tool is not in use, please run with -Djdk.instrument.traceUsage for more information
WARNING: Dynamic loading of agents will be disallowed by default in a future release
]]></system-err>
  </testcase>
</testsuite>